<?xml version="1.0" encoding="UTF-8"?>
<testng-results ignored="0" total="1" passed="1" failed="0" skipped="0">
  <reporter-output>
  </reporter-output>
  <suite started-at="2023-11-06T19:41:35 BOT" name="Default suite" finished-at="2023-11-06T19:41:41 BOT" duration-ms="6454">
    <groups>
    </groups>
    <test started-at="2023-11-06T19:41:35 BOT" name="Default test" finished-at="2023-11-06T19:41:41 BOT" duration-ms="6454">
      <class name="login_Suite.TC01_Login">
        <test-method is-config="true" signature="iniciarWebDriver()[pri:0, instance:login_Suite.TC01_Login@3276732]" started-at="2023-11-06T19:41:35 BOT" name="iniciarWebDriver" finished-at="2023-11-06T19:41:37 BOT" duration-ms="2042" status="PASS">
          <reporter-output>
          </reporter-output>
        </test-method> <!-- iniciarWebDriver -->
        <test-method signature="TC_01()[pri:0, instance:login_Suite.TC01_Login@3276732]" started-at="2023-11-06T19:41:37 BOT" name="TC_01" finished-at="2023-11-06T19:41:38 BOT" duration-ms="1415" status="PASS">
          <reporter-output>
          </reporter-output>
        </test-method> <!-- TC_01 -->
        <test-method is-config="true" signature="closeDriver()[pri:0, instance:login_Suite.TC01_Login@3276732]" started-at="2023-11-06T19:41:39 BOT" name="closeDriver" finished-at="2023-11-06T19:41:41 BOT" duration-ms="2851" status="PASS">
          <reporter-output>
          </reporter-output>
        </test-method> <!-- closeDriver -->
      </class> <!-- login_Suite.TC01_Login -->
    </test> <!-- Default test -->
  </suite> <!-- Default suite -->
</testng-results>
