<?xml version="1.0" encoding="UTF-8"?>
<testng-results ignored="0" total="2" passed="2" failed="0" skipped="0">
  <reporter-output>
  </reporter-output>
  <suite started-at="2023-11-06T21:47:14 BOT" name="Suite1" finished-at="2023-11-06T21:47:25 BOT" duration-ms="11331">
    <groups>
    </groups>
    <test started-at="2023-11-06T21:47:14 BOT" name="TC_01" finished-at="2023-11-06T21:47:20 BOT" duration-ms="5862">
      <class name="login_Suite.TC01_Login">
        <test-method is-config="true" signature="iniciarWebDriver()[pri:0, instance:login_Suite.TC01_Login@1992eaf4]" started-at="2023-11-06T21:47:14 BOT" name="iniciarWebDriver" finished-at="2023-11-06T21:47:17 BOT" duration-ms="2618" status="PASS">
          <reporter-output>
          </reporter-output>
        </test-method> <!-- iniciarWebDriver -->
        <test-method signature="TC_01()[pri:0, instance:login_Suite.TC01_Login@1992eaf4]" started-at="2023-11-06T21:47:17 BOT" name="TC_01" finished-at="2023-11-06T21:47:18 BOT" duration-ms="1607" status="PASS">
          <reporter-output>
          </reporter-output>
        </test-method> <!-- TC_01 -->
        <test-method is-config="true" signature="closeDriver()[pri:0, instance:login_Suite.TC01_Login@1992eaf4]" started-at="2023-11-06T21:47:18 BOT" name="closeDriver" finished-at="2023-11-06T21:47:20 BOT" duration-ms="1407" status="PASS">
          <reporter-output>
          </reporter-output>
        </test-method> <!-- closeDriver -->
      </class> <!-- login_Suite.TC01_Login -->
    </test> <!-- TC_01 -->
    <test started-at="2023-11-06T21:47:20 BOT" name="TC_02" finished-at="2023-11-06T21:47:25 BOT" duration-ms="5236">
      <class name="login_Suite.TC02_Logout">
        <test-method is-config="true" signature="iniciarWebDriver()[pri:0, instance:login_Suite.TC02_Logout@29cfd92b]" started-at="2023-11-06T21:47:20 BOT" name="iniciarWebDriver" finished-at="2023-11-06T21:47:22 BOT" duration-ms="2105" status="PASS">
          <reporter-output>
          </reporter-output>
        </test-method> <!-- iniciarWebDriver -->
        <test-method signature="TC_02()[pri:0, instance:login_Suite.TC02_Logout@29cfd92b]" started-at="2023-11-06T21:47:22 BOT" name="TC_02" finished-at="2023-11-06T21:47:24 BOT" duration-ms="2034" status="PASS">
          <reporter-output>
          </reporter-output>
        </test-method> <!-- TC_02 -->
        <test-method is-config="true" signature="closeDriver()[pri:0, instance:login_Suite.TC02_Logout@29cfd92b]" started-at="2023-11-06T21:47:24 BOT" name="closeDriver" finished-at="2023-11-06T21:47:25 BOT" duration-ms="1080" status="PASS">
          <reporter-output>
          </reporter-output>
        </test-method> <!-- closeDriver -->
      </class> <!-- login_Suite.TC02_Logout -->
    </test> <!-- TC_02 -->
  </suite> <!-- Suite1 -->
</testng-results>
